2026-02-25 19:27:47 - Step 1: Backing up existing documentation...
2026-02-25 19:27:47 -   Backed up: venv/lib/python3.14/site-packages/pip/_vendor/README.rst
2026-02-25 19:27:47 -   Backed up: README.md
2026-02-25 19:27:47 -   Backed up: README_STATE_OF_THE_ART.md
2026-02-25 19:27:47 - Step 2: Applying new README...
2026-02-25 19:27:47 -   Applied: README_STATE_OF_THE_ART.md → README.md
2026-02-25 19:27:47 - Step 3: Creating directory structure documentation...
2026-02-25 19:27:47 -   Created: DIRECTORY_STRUCTURE.md
2026-02-25 19:27:47 - Step 4: Creating skill READMEs...
2026-02-25 19:27:47 -   Created README for: notification_router (category: data_processing, port: 8026)
2026-02-25 19:27:47 -   Created README for: social_media_analyzer (category: data_processing, port: 8026)
2026-02-25 19:27:47 -   Created README for: web_scraper (category: data_processing, port: 8041)
2026-02-25 19:27:47 -   Created README for: lead_enricher (category: data_processing, port: 8013)
2026-02-25 19:27:47 -   Created README for: scheduler (category: data_processing, port: 8049)
2026-02-25 19:27:47 -   Created README for: diff_analyzer (category: data_processing, port: 8013)
2026-02-25 19:27:47 -   Created README for: document_classifier (category: data_processing, port: 8011)
2026-02-25 19:27:47 -   Created README for: data_visualizer (category: data_processing, port: 8071)
2026-02-25 19:27:47 -   Created README for: email_parser (category: data_processing, port: 8067)
2026-02-25 19:27:47 -   Created README for: key_point_extractor (category: data_processing, port: 8047)
2026-02-25 19:27:47 - Step 5: Creating CONTRIBUTING.md...
